mosh_head:prepare_stagei_frames:157 -- DEBUG -- Selecting 12 frames using method manual on frames with 100% least_avail_markers
mosh_head:prepare_stagei_frames:197 -- DEBUG -- Using frames for stage-i: ['/home/ubuntu/Desktop/test/workspace/training_experiments/V48_02_SOMA/OC_05_G_03_real_000_synt_100/evaluations/soma_labeled_mocap_tracklet/SOMA_unlabeled_mpc/soma_subject1/run_002.pkl_001091'
 '/home/ubuntu/Desktop/test/workspace/training_experiments/V48_02_SOMA/OC_05_G_03_real_000_synt_100/evaluations/soma_labeled_mocap_tracklet/SOMA_unlabeled_mpc/soma_subject1/jump_001.pkl_000137'
 '/home/ubuntu/Desktop/test/workspace/training_experiments/V48_02_SOMA/OC_05_G_03_real_000_synt_100/evaluations/soma_labeled_mocap_tracklet/SOMA_unlabeled_mpc/soma_subject1/run_001.pkl_001366'
 '/home/ubuntu/Desktop/test/workspace/training_experiments/V48_02_SOMA/OC_05_G_03_real_000_synt_100/evaluations/soma_labeled_mocap_tracklet/SOMA_unlabeled_mpc/soma_subject1/jump_001.pkl_000509'
 '/home/ubuntu/Desktop/test/workspace/training_experiments/V48_02_SOMA/OC_05_G_03_real_000_synt_100/evaluations/soma_labeled_mocap_tracklet/SOMA_unlabeled_mpc/soma_subject1/throw_001.pkl_000596'
 '/home/ubuntu/Desktop/test/workspace/training_experiments/V48_02_SOMA/OC_05_G_03_real_000_synt_100/evaluations/soma_labeled_mocap_tracklet/SOMA_unlabeled_mpc/soma_subject1/dance_003.pkl_001488'
 '/home/ubuntu/Desktop/test/workspace/training_experiments/V48_02_SOMA/OC_05_G_03_real_000_synt_100/evaluations/soma_labeled_mocap_tracklet/SOMA_unlabeled_mpc/soma_subject1/jump_001.pkl_000588'
 '/home/ubuntu/Desktop/test/workspace/training_experiments/V48_02_SOMA/OC_05_G_03_real_000_synt_100/evaluations/soma_labeled_mocap_tracklet/SOMA_unlabeled_mpc/soma_subject1/squat_002.pkl_001134'
 '/home/ubuntu/Desktop/test/workspace/training_experiments/V48_02_SOMA/OC_05_G_03_real_000_synt_100/evaluations/soma_labeled_mocap_tracklet/SOMA_unlabeled_mpc/soma_subject1/jump_002.pkl_000471'
 '/home/ubuntu/Desktop/test/workspace/training_experiments/V48_02_SOMA/OC_05_G_03_real_000_synt_100/evaluations/soma_labeled_mocap_tracklet/SOMA_unlabeled_mpc/soma_subject1/run_001.pkl_000032'
 '/home/ubuntu/Desktop/test/workspace/training_experiments/V48_02_SOMA/OC_05_G_03_real_000_synt_100/evaluations/soma_labeled_mocap_tracklet/SOMA_unlabeled_mpc/soma_subject1/dance_001.pkl_001042'
 '/home/ubuntu/Desktop/test/workspace/training_experiments/V48_02_SOMA/OC_05_G_03_real_000_synt_100/evaluations/soma_labeled_mocap_tracklet/SOMA_unlabeled_mpc/soma_subject1/dance_001.pkl_000289']
mosh_head:mosh_stagei:240 -- INFO -- Attempting mosh stagei to create /home/ubuntu/Desktop/test/workspace/training_experiments/V48_02_SOMA/OC_05_G_03_real_000_synt_100/evaluations/mosh_results_tracklet/SOMA_unlabeled_mpc/soma_subject1/male_stagei.pkl
chmosh:mosh_stagei:120 -- INFO -- using marker_layout_fname: /home/ubuntu/Desktop/test/workspace/training_experiments/V48_02_SOMA/OC_05_G_03_real_000_synt_100/evaluations/mosh_results_tracklet/SOMA_unlabeled_mpc/SOMA_unlabeled_mpc_smplx.json
edit_tools:marker_layout_load:130 -- INFO -- Loading marker layout: /home/ubuntu/Desktop/test/workspace/training_experiments/V48_02_SOMA/OC_05_G_03_real_000_synt_100/evaluations/mosh_results_tracklet/SOMA_unlabeled_mpc/SOMA_unlabeled_mpc_smplx.json
edit_tools:marker_layout_load:134 -- INFO -- Available marker types: {'body': 53}. Total: 53 markers.
bodymodel_loader:load_moshpp_models:93 -- INFO -- Loading model: /home/ubuntu/Desktop/test/workspace/support_files/smplx/male/model.pkl
chmosh:mosh_stagei:160 -- DEBUG -- can_model.betas.shape: (400,)
chmosh:mosh_stagei:161 -- DEBUG -- opt_models[0].betas.shape: (400,)
chmosh:mosh_stagei:180 -- DEBUG -- Estimating for #latent markers: 53
chmosh:mosh_stagei:217 -- DEBUG -- Number of available markers in each stagei selected frames: (F00, 53), (F01, 53), (F02, 53), (F03, 53), (F04, 53), (F05, 53), (F06, 53), (F07, 53), (F08, 53), (F09, 53), (F10, 53), (F11, 53)
chmosh:mosh_stagei:225 -- DEBUG -- Rigidly aligning the body to the markers
chmosh:mosh_stagei:250 -- DEBUG -- MoSh stagei weights before annealing:
stagei_wt_poseH: 3.0
stagei_wt_poseF: 3.0
stagei_wt_expr: 34.0
stagei_wt_pose: 3.0
stagei_wt_poseB: 3.0
stagei_wt_init_finger_left: 400.0
stagei_wt_init_finger_right: 400.0
stagei_wt_init_finger: 400.0
stagei_wt_betas: 10.0
stagei_wt_init: 300
stagei_wt_data: 75.0
stagei_wt_surf: 10000.0
stagei_wt_annealing: [1.0, 0.5, 0.25, 0.125]
chmosh:mosh_stagei:254 -- DEBUG -- head_marker_corr_fname is provided and is being loaded: /home/ubuntu/Desktop/test/workspace/support_files/ssm_head_marker_corr.npz
chmosh:mosh_stagei:262 -- INFO -- Successfully took into account the correlation of the head markers
chmosh:mosh_stagei:268 -- DEBUG -- Beginning mosh stagei with opt_settings.weights_type: smplx
chmosh:mosh_stagei:342 -- DEBUG -- Step 1/4 : Opt. wt_anneal_factor = 1.00, wt_data = 1.00, wt_poseB = 65.09
chmosh:mosh_stagei:344 -- DEBUG -- stagei_wt_init for different marker types body = 300.00: 
chmosh:mosh_stagei:409 -- DEBUG -- Init. loss values: beta = 0.00e+00 | data = 9.13e+05 | init_body = 9.89e-27 | init_head_corr = 5.67e-28 | poseB = 2.46e+04 | surf = 5.01e+01
chmosh:mosh_stagei:417 -- DEBUG -- Final loss values: beta = 9.45e+01 | data = 4.92e+03 | init_body = 1.73e+03 | init_head_corr = 2.14e+01 | poseB = 1.19e+04 | surf = 3.70e+01
chmosh:mosh_stagei:342 -- DEBUG -- Step 2/4 : Opt. wt_anneal_factor = 0.50, wt_data = 0.50, wt_poseB = 130.19
chmosh:mosh_stagei:344 -- DEBUG -- stagei_wt_init for different marker types body = 150.00: 
chmosh:mosh_stagei:409 -- DEBUG -- Init. loss values: beta = 2.36e+01 | data = 1.97e+04 | init_body = 4.32e+02 | init_head_corr = 5.35e+00 | poseB = 2.98e+03 | surf = 3.70e+01
chmosh:mosh_stagei:417 -- DEBUG -- Final loss values: beta = 1.26e+02 | data = 1.78e+03 | init_body = 2.92e+03 | init_head_corr = 7.80e+01 | poseB = 3.41e+03 | surf = 1.02e+03
chmosh:mosh_stagei:342 -- DEBUG -- Step 3/4 : Opt. wt_anneal_factor = 0.25, wt_data = 0.25, wt_poseB = 260.38
chmosh:mosh_stagei:344 -- DEBUG -- stagei_wt_init for different marker types body = 75.00: 
chmosh:mosh_stagei:409 -- DEBUG -- Init. loss values: beta = 3.15e+01 | data = 7.12e+03 | init_body = 7.31e+02 | init_head_corr = 1.95e+01 | poseB = 8.54e+02 | surf = 1.02e+03
chmosh:mosh_stagei:417 -- DEBUG -- Final loss values: beta = 3.48e+02 | data = 2.08e+03 | init_body = 9.38e+02 | init_head_corr = 9.06e+01 | poseB = 1.08e+03 | surf = 3.06e+00
chmosh:mosh_stagei:342 -- DEBUG -- Step 4/4 : Opt. wt_anneal_factor = 0.12, wt_data = 0.12, wt_poseB = 520.75
chmosh:mosh_stagei:344 -- DEBUG -- stagei_wt_init for different marker types body = 37.50: 
chmosh:mosh_stagei:409 -- DEBUG -- Init. loss values: beta = 8.69e+01 | data = 8.30e+03 | init_body = 2.34e+02 | init_head_corr = 2.27e+01 | poseB = 2.71e+02 | surf = 3.06e+00
chmosh:mosh_stagei:417 -- DEBUG -- Final loss values: beta = 9.64e+01 | data = 7.92e+03 | init_body = 2.37e+02 | init_head_corr = 2.53e+01 | poseB = 2.78e+02 | surf = 9.72e+01
mosh_head:mosh_stagei:257 -- DEBUG -- created stagei_fname: /home/ubuntu/Desktop/test/workspace/training_experiments/V48_02_SOMA/OC_05_G_03_real_000_synt_100/evaluations/mosh_results_tracklet/SOMA_unlabeled_mpc/soma_subject1/male_stagei.pkl
mosh_head:mosh_stagei:259 -- DEBUG -- finished mosh stagei in 0:08:08.421004
edit_tools:marker_layout_load:130 -- INFO -- Loading marker layout: /home/ubuntu/Desktop/test/workspace/training_experiments/V48_02_SOMA/OC_05_G_03_real_000_synt_100/evaluations/mosh_results_tracklet/SOMA_unlabeled_mpc/soma_subject1/male_stagei.json
edit_tools:marker_layout_load:134 -- INFO -- Available marker types: {'body': 53}. Total: 53 markers.
edit_tools:marker_layout_load:130 -- INFO -- Loading marker layout: /home/ubuntu/Desktop/test/workspace/training_experiments/V48_02_SOMA/OC_05_G_03_real_000_synt_100/evaluations/mosh_results_tracklet/SOMA_unlabeled_mpc/soma_subject1/male_stagei.json
edit_tools:marker_layout_load:134 -- INFO -- Available marker types: {'body': 53}. Total: 53 markers.
mosh_head:dump_stagei_marker_layout:338 -- INFO -- created /home/ubuntu/Desktop/test/workspace/training_experiments/V48_02_SOMA/OC_05_G_03_real_000_synt_100/evaluations/mosh_results_tracklet/SOMA_unlabeled_mpc/soma_subject1/male_stagei.json
mosh_head:dump_stagei_marker_layout:339 -- INFO -- created /home/ubuntu/Desktop/test/workspace/training_experiments/V48_02_SOMA/OC_05_G_03_real_000_synt_100/evaluations/mosh_results_tracklet/SOMA_unlabeled_mpc/soma_subject1/male_stagei.ply
mosh_head:dump_stagei_marker_layout:340 -- INFO -- created /home/ubuntu/Desktop/test/workspace/training_experiments/V48_02_SOMA/OC_05_G_03_real_000_synt_100/evaluations/mosh_results_tracklet/SOMA_unlabeled_mpc/soma_subject1/male_stagei.c3d
