soma_subject1 -- walk_002 -- mosh_head:__init__:95 -- mocap_fname: /home/ubuntu/Desktop/test/workspace/training_experiments/V48_02_SOMA/OC_05_G_03_real_000_synt_100/evaluations/soma_labeled_mocap_tracklet/SOMA_unlabeled_mpc/soma_subject1/walk_002.pkl
soma_subject1 -- walk_002 -- mosh_head:__init__:97 -- stagei_fname: /home/ubuntu/Desktop/test/workspace/training_experiments/V48_02_SOMA/OC_05_G_03_real_000_synt_100/evaluations/mosh_results_tracklet/SOMA_unlabeled_mpc/soma_subject1/male_stagei.pkl
soma_subject1 -- walk_002 -- mosh_head:__init__:98 -- stageii_fname: /home/ubuntu/Desktop/test/workspace/training_experiments/V48_02_SOMA/OC_05_G_03_real_000_synt_100/evaluations/mosh_results_tracklet/SOMA_unlabeled_mpc/soma_subject1/walk_002_stageii.pkl
soma_subject1 -- walk_002 -- mosh_head:__init__:103 -- surface_model: type: smplx; gender: male; fname:/home/ubuntu/Desktop/test/workspace/support_files/smplx/male/model.pkl
soma_subject1 -- walk_002 -- mosh_head:__init__:107 -- optimize_fingers: False, optimize_face: False, optimize_toes: False, optimize_betas: True, optimize_dynamics: False
soma_subject1 -- walk_002 -- mosh_head:prepare_stagei_frames:157 -- Selecting 12 frames using method manual on frames with 100% least_avail_markers
soma_subject1 -- walk_002 -- mosh_head:prepare_stagei_frames:197 -- Using frames for stage-i: ['/home/ubuntu/Desktop/test/workspace/training_experiments/V48_02_SOMA/OC_05_G_03_real_000_synt_100/evaluations/soma_labeled_mocap_tracklet/SOMA_unlabeled_mpc/soma_subject1/run_002.pkl_001091'
 '/home/ubuntu/Desktop/test/workspace/training_experiments/V48_02_SOMA/OC_05_G_03_real_000_synt_100/evaluations/soma_labeled_mocap_tracklet/SOMA_unlabeled_mpc/soma_subject1/jump_001.pkl_000137'
 '/home/ubuntu/Desktop/test/workspace/training_experiments/V48_02_SOMA/OC_05_G_03_real_000_synt_100/evaluations/soma_labeled_mocap_tracklet/SOMA_unlabeled_mpc/soma_subject1/run_001.pkl_001366'
 '/home/ubuntu/Desktop/test/workspace/training_experiments/V48_02_SOMA/OC_05_G_03_real_000_synt_100/evaluations/soma_labeled_mocap_tracklet/SOMA_unlabeled_mpc/soma_subject1/jump_001.pkl_000509'
 '/home/ubuntu/Desktop/test/workspace/training_experiments/V48_02_SOMA/OC_05_G_03_real_000_synt_100/evaluations/soma_labeled_mocap_tracklet/SOMA_unlabeled_mpc/soma_subject1/throw_001.pkl_000596'
 '/home/ubuntu/Desktop/test/workspace/training_experiments/V48_02_SOMA/OC_05_G_03_real_000_synt_100/evaluations/soma_labeled_mocap_tracklet/SOMA_unlabeled_mpc/soma_subject1/dance_003.pkl_001488'
 '/home/ubuntu/Desktop/test/workspace/training_experiments/V48_02_SOMA/OC_05_G_03_real_000_synt_100/evaluations/soma_labeled_mocap_tracklet/SOMA_unlabeled_mpc/soma_subject1/jump_001.pkl_000588'
 '/home/ubuntu/Desktop/test/workspace/training_experiments/V48_02_SOMA/OC_05_G_03_real_000_synt_100/evaluations/soma_labeled_mocap_tracklet/SOMA_unlabeled_mpc/soma_subject1/squat_002.pkl_001134'
 '/home/ubuntu/Desktop/test/workspace/training_experiments/V48_02_SOMA/OC_05_G_03_real_000_synt_100/evaluations/soma_labeled_mocap_tracklet/SOMA_unlabeled_mpc/soma_subject1/jump_002.pkl_000471'
 '/home/ubuntu/Desktop/test/workspace/training_experiments/V48_02_SOMA/OC_05_G_03_real_000_synt_100/evaluations/soma_labeled_mocap_tracklet/SOMA_unlabeled_mpc/soma_subject1/run_001.pkl_000032'
 '/home/ubuntu/Desktop/test/workspace/training_experiments/V48_02_SOMA/OC_05_G_03_real_000_synt_100/evaluations/soma_labeled_mocap_tracklet/SOMA_unlabeled_mpc/soma_subject1/dance_001.pkl_001042'
 '/home/ubuntu/Desktop/test/workspace/training_experiments/V48_02_SOMA/OC_05_G_03_real_000_synt_100/evaluations/soma_labeled_mocap_tracklet/SOMA_unlabeled_mpc/soma_subject1/dance_001.pkl_000289']
soma_subject1 -- walk_002 -- mosh_head:mosh_stagei:240 -- Attempting mosh stagei to create /home/ubuntu/Desktop/test/workspace/training_experiments/V48_02_SOMA/OC_05_G_03_real_000_synt_100/evaluations/mosh_results_tracklet/SOMA_unlabeled_mpc/soma_subject1/male_stagei.pkl
soma_subject1 -- walk_002 -- chmosh:mosh_stagei:120 -- using marker_layout_fname: /home/ubuntu/Desktop/test/workspace/training_experiments/V48_02_SOMA/OC_05_G_03_real_000_synt_100/evaluations/mosh_results_tracklet/SOMA_unlabeled_mpc/SOMA_unlabeled_mpc_smplx.json
soma_subject1 -- walk_002 -- edit_tools:marker_layout_load:130 -- Loading marker layout: /home/ubuntu/Desktop/test/workspace/training_experiments/V48_02_SOMA/OC_05_G_03_real_000_synt_100/evaluations/mosh_results_tracklet/SOMA_unlabeled_mpc/SOMA_unlabeled_mpc_smplx.json
soma_subject1 -- walk_002 -- edit_tools:marker_layout_load:134 -- Available marker types: {'body': 53}. Total: 53 markers.
soma_subject1 -- walk_002 -- bodymodel_loader:load_moshpp_models:93 -- Loading model: /home/ubuntu/Desktop/test/workspace/support_files/smplx/male/model.pkl
soma_subject1 -- walk_002 -- chmosh:mosh_stagei:160 -- can_model.betas.shape: (400,)
soma_subject1 -- walk_002 -- chmosh:mosh_stagei:161 -- opt_models[0].betas.shape: (400,)
soma_subject1 -- walk_002 -- chmosh:mosh_stagei:180 -- Estimating for #latent markers: 53
soma_subject1 -- walk_002 -- chmosh:mosh_stagei:217 -- Number of available markers in each stagei selected frames: (F00, 53), (F01, 53), (F02, 53), (F03, 53), (F04, 53), (F05, 53), (F06, 53), (F07, 53), (F08, 53), (F09, 53), (F10, 53), (F11, 53)
soma_subject1 -- walk_002 -- chmosh:mosh_stagei:225 -- Rigidly aligning the body to the markers
soma_subject1 -- walk_002 -- chmosh:mosh_stagei:250 -- MoSh stagei weights before annealing:
stagei_wt_poseH: 3.0
stagei_wt_poseF: 3.0
stagei_wt_expr: 34.0
stagei_wt_pose: 3.0
stagei_wt_poseB: 3.0
stagei_wt_init_finger_left: 400.0
stagei_wt_init_finger_right: 400.0
stagei_wt_init_finger: 400.0
stagei_wt_betas: 10.0
stagei_wt_init: 300
stagei_wt_data: 75.0
stagei_wt_surf: 10000.0
stagei_wt_annealing: [1.0, 0.5, 0.25, 0.125]
soma_subject1 -- walk_002 -- chmosh:mosh_stagei:254 -- head_marker_corr_fname is provided and is being loaded: /home/ubuntu/Desktop/test/workspace/support_files/ssm_head_marker_corr.npz
soma_subject1 -- walk_002 -- chmosh:mosh_stagei:262 -- Successfully took into account the correlation of the head markers
soma_subject1 -- walk_002 -- chmosh:mosh_stagei:268 -- Beginning mosh stagei with opt_settings.weights_type: smplx
soma_subject1 -- walk_002 -- chmosh:mosh_stagei:342 -- Step 1/4 : Opt. wt_anneal_factor = 1.00, wt_data = 1.00, wt_poseB = 65.09
soma_subject1 -- walk_002 -- chmosh:mosh_stagei:344 -- stagei_wt_init for different marker types body = 300.00: 
soma_subject1 -- walk_002 -- chmosh:mosh_stagei:409 -- Init. loss values: beta = 0.00e+00 | data = 9.13e+05 | init_body = 9.89e-27 | init_head_corr = 5.67e-28 | poseB = 2.46e+04 | surf = 5.01e+01
soma_subject1 -- walk_002 -- chmosh:mosh_stagei:417 -- Final loss values: beta = 9.45e+01 | data = 4.92e+03 | init_body = 1.73e+03 | init_head_corr = 2.14e+01 | poseB = 1.19e+04 | surf = 3.70e+01
soma_subject1 -- walk_002 -- chmosh:mosh_stagei:342 -- Step 2/4 : Opt. wt_anneal_factor = 0.50, wt_data = 0.50, wt_poseB = 130.19
soma_subject1 -- walk_002 -- chmosh:mosh_stagei:344 -- stagei_wt_init for different marker types body = 150.00: 
soma_subject1 -- walk_002 -- chmosh:mosh_stagei:409 -- Init. loss values: beta = 2.36e+01 | data = 1.97e+04 | init_body = 4.32e+02 | init_head_corr = 5.35e+00 | poseB = 2.98e+03 | surf = 3.70e+01
soma_subject1 -- walk_002 -- chmosh:mosh_stagei:417 -- Final loss values: beta = 1.26e+02 | data = 1.78e+03 | init_body = 2.92e+03 | init_head_corr = 7.80e+01 | poseB = 3.41e+03 | surf = 1.02e+03
soma_subject1 -- walk_002 -- chmosh:mosh_stagei:342 -- Step 3/4 : Opt. wt_anneal_factor = 0.25, wt_data = 0.25, wt_poseB = 260.38
soma_subject1 -- walk_002 -- chmosh:mosh_stagei:344 -- stagei_wt_init for different marker types body = 75.00: 
soma_subject1 -- walk_002 -- chmosh:mosh_stagei:409 -- Init. loss values: beta = 3.15e+01 | data = 7.12e+03 | init_body = 7.31e+02 | init_head_corr = 1.95e+01 | poseB = 8.54e+02 | surf = 1.02e+03
soma_subject1 -- walk_002 -- chmosh:mosh_stagei:417 -- Final loss values: beta = 3.48e+02 | data = 2.08e+03 | init_body = 9.38e+02 | init_head_corr = 9.06e+01 | poseB = 1.08e+03 | surf = 3.06e+00
soma_subject1 -- walk_002 -- chmosh:mosh_stagei:342 -- Step 4/4 : Opt. wt_anneal_factor = 0.12, wt_data = 0.12, wt_poseB = 520.75
soma_subject1 -- walk_002 -- chmosh:mosh_stagei:344 -- stagei_wt_init for different marker types body = 37.50: 
soma_subject1 -- walk_002 -- chmosh:mosh_stagei:409 -- Init. loss values: beta = 8.69e+01 | data = 8.30e+03 | init_body = 2.34e+02 | init_head_corr = 2.27e+01 | poseB = 2.71e+02 | surf = 3.06e+00
soma_subject1 -- walk_002 -- chmosh:mosh_stagei:417 -- Final loss values: beta = 9.64e+01 | data = 7.92e+03 | init_body = 2.37e+02 | init_head_corr = 2.53e+01 | poseB = 2.78e+02 | surf = 9.72e+01
soma_subject1 -- walk_002 -- mosh_head:mosh_stagei:257 -- created stagei_fname: /home/ubuntu/Desktop/test/workspace/training_experiments/V48_02_SOMA/OC_05_G_03_real_000_synt_100/evaluations/mosh_results_tracklet/SOMA_unlabeled_mpc/soma_subject1/male_stagei.pkl
soma_subject1 -- walk_002 -- mosh_head:mosh_stagei:259 -- finished mosh stagei in 0:08:08.421004
soma_subject1 -- walk_002 -- edit_tools:marker_layout_load:130 -- Loading marker layout: /home/ubuntu/Desktop/test/workspace/training_experiments/V48_02_SOMA/OC_05_G_03_real_000_synt_100/evaluations/mosh_results_tracklet/SOMA_unlabeled_mpc/soma_subject1/male_stagei.json
soma_subject1 -- walk_002 -- edit_tools:marker_layout_load:134 -- Available marker types: {'body': 53}. Total: 53 markers.
soma_subject1 -- walk_002 -- edit_tools:marker_layout_load:130 -- Loading marker layout: /home/ubuntu/Desktop/test/workspace/training_experiments/V48_02_SOMA/OC_05_G_03_real_000_synt_100/evaluations/mosh_results_tracklet/SOMA_unlabeled_mpc/soma_subject1/male_stagei.json
soma_subject1 -- walk_002 -- edit_tools:marker_layout_load:134 -- Available marker types: {'body': 53}. Total: 53 markers.
soma_subject1 -- walk_002 -- mosh_head:dump_stagei_marker_layout:338 -- created /home/ubuntu/Desktop/test/workspace/training_experiments/V48_02_SOMA/OC_05_G_03_real_000_synt_100/evaluations/mosh_results_tracklet/SOMA_unlabeled_mpc/soma_subject1/male_stagei.json
soma_subject1 -- walk_002 -- mosh_head:dump_stagei_marker_layout:339 -- created /home/ubuntu/Desktop/test/workspace/training_experiments/V48_02_SOMA/OC_05_G_03_real_000_synt_100/evaluations/mosh_results_tracklet/SOMA_unlabeled_mpc/soma_subject1/male_stagei.ply
soma_subject1 -- walk_002 -- mosh_head:dump_stagei_marker_layout:340 -- created /home/ubuntu/Desktop/test/workspace/training_experiments/V48_02_SOMA/OC_05_G_03_real_000_synt_100/evaluations/mosh_results_tracklet/SOMA_unlabeled_mpc/soma_subject1/male_stagei.c3d
soma_subject1 -- walk_002 -- mosh_head:run_moshpp_once:600 -- Final mosh stagei loss: data = 6.27e+07 | poseB = 7.70e+04 | init_body = 5.61e+04 | init_head_corr = 6.40e+02 | beta = 9.30e+03 | surf = 9.44e+03
soma_subject1 -- walk_002 -- mosh_head:mosh_stageii:277 -- attempting mosh stageii to create /home/ubuntu/Desktop/test/workspace/training_experiments/V48_02_SOMA/OC_05_G_03_real_000_synt_100/evaluations/mosh_results_tracklet/SOMA_unlabeled_mpc/soma_subject1/walk_002_stageii.pkl
soma_subject1 -- walk_002 -- chmosh:mosh_stageii:473 -- Loaded mocap markers for mosh stageii
soma_subject1 -- walk_002 -- bodymodel_loader:load_moshpp_models:93 -- Loading model: /home/ubuntu/Desktop/test/workspace/support_files/smplx/male/model.pkl
soma_subject1 -- walk_002 -- chmosh:mosh_stageii:505 -- #observed, #simulated markers: 53, 53
soma_subject1 -- walk_002 -- chmosh:mosh_stageii:533 -- mosh stageii weights are subject to change during the optimization, depending on how many markers are absent in each frame.
soma_subject1 -- walk_002 -- chmosh:mosh_stageii:537 -- MoSh stagei weights before annealing:
stageii_wt_data: 400
stageii_wt_velo: 2.5
stageii_wt_dmpl: 1.0
stageii_wt_expr: 1.0
stageii_wt_poseB: 1.6
stageii_wt_poseH: 1.0
stageii_wt_poseF: 1.0
stageii_wt_annealing: 2.5
soma_subject1 -- walk_002 -- chmosh:mosh_stageii:541 -- Starting mosh stageii for 10 frames.
soma_subject1 -- walk_002 -- chmosh:mosh_stageii:631 -- Rigidly aligning the markers to the body...
soma_subject1 -- walk_002 -- chmosh:mosh_stageii:663 -- 0000/0010 -- Step 1. initial loss values: data = 1.96e+02 | poseB = 2.95e+02
soma_subject1 -- walk_002 -- chmosh:mosh_stageii:673 -- 0000/0010 -- Step 1. final loss values: data = 1.96e+02 | poseB = 2.95e+02
soma_subject1 -- walk_002 -- chmosh:mosh_stageii:702 -- 0000/0010 -- Step 2. initial loss values: data = 1.96e+02 | poseB = 2.95e+02
soma_subject1 -- walk_002 -- chmosh:mosh_stageii:707 -- 0000/0010 -- Step 2. final loss values: data = 1.96e+02 | poseB = 2.95e+02
soma_subject1 -- walk_002 -- chmosh:mosh_stageii:663 -- 0001/0010 -- Step 1. initial loss values: data = 1.96e+02 | poseB = 2.95e+02
soma_subject1 -- walk_002 -- chmosh:mosh_stageii:673 -- 0001/0010 -- Step 1. final loss values: data = 1.96e+02 | poseB = 2.95e+02
soma_subject1 -- walk_002 -- chmosh:mosh_stageii:702 -- 0001/0010 -- Step 2. initial loss values: data = 1.96e+02 | poseB = 2.95e+02
soma_subject1 -- walk_002 -- chmosh:mosh_stageii:707 -- 0001/0010 -- Step 2. final loss values: data = 1.96e+02 | poseB = 2.95e+02
soma_subject1 -- walk_002 -- chmosh:mosh_stageii:663 -- 0002/0010 -- Step 1. initial loss values: data = 1.96e+02 | poseB = 2.95e+02 | velo = 1.62e-05
soma_subject1 -- walk_002 -- chmosh:mosh_stageii:673 -- 0002/0010 -- Step 1. final loss values: data = 1.96e+02 | poseB = 2.95e+02 | velo = 1.41e-06
soma_subject1 -- walk_002 -- chmosh:mosh_stageii:702 -- 0002/0010 -- Step 2. initial loss values: data = 1.96e+02 | poseB = 2.95e+02 | velo = 1.41e-06
soma_subject1 -- walk_002 -- chmosh:mosh_stageii:707 -- 0002/0010 -- Step 2. final loss values: data = 1.96e+02 | poseB = 2.95e+02 | velo = 1.41e-06
soma_subject1 -- walk_002 -- chmosh:mosh_stageii:663 -- 0003/0010 -- Step 1. initial loss values: data = 1.96e+02 | poseB = 2.95e+02 | velo = 1.78e-05
soma_subject1 -- walk_002 -- chmosh:mosh_stageii:673 -- 0003/0010 -- Step 1. final loss values: data = 1.96e+02 | poseB = 2.95e+02 | velo = 2.72e-06
soma_subject1 -- walk_002 -- chmosh:mosh_stageii:702 -- 0003/0010 -- Step 2. initial loss values: data = 1.96e+02 | poseB = 2.95e+02 | velo = 2.72e-06
soma_subject1 -- walk_002 -- chmosh:mosh_stageii:707 -- 0003/0010 -- Step 2. final loss values: data = 1.96e+02 | poseB = 2.95e+02 | velo = 3.71e-06
soma_subject1 -- walk_002 -- chmosh:mosh_stageii:663 -- 0004/0010 -- Step 1. initial loss values: data = 1.96e+02 | poseB = 2.95e+02 | velo = 1.44e-05
soma_subject1 -- walk_002 -- chmosh:mosh_stageii:673 -- 0004/0010 -- Step 1. final loss values: data = 1.96e+02 | poseB = 2.95e+02 | velo = 3.28e-06
soma_subject1 -- walk_002 -- chmosh:mosh_stageii:702 -- 0004/0010 -- Step 2. initial loss values: data = 1.96e+02 | poseB = 2.95e+02 | velo = 3.28e-06
soma_subject1 -- walk_002 -- chmosh:mosh_stageii:707 -- 0004/0010 -- Step 2. final loss values: data = 1.96e+02 | poseB = 2.95e+02 | velo = 3.28e-06
soma_subject1 -- walk_002 -- chmosh:mosh_stageii:663 -- 0005/0010 -- Step 1. initial loss values: data = 1.96e+02 | poseB = 2.95e+02 | velo = 1.79e-05
soma_subject1 -- walk_002 -- chmosh:mosh_stageii:673 -- 0005/0010 -- Step 1. final loss values: data = 1.95e+02 | poseB = 2.95e+02 | velo = 8.50e-07
soma_subject1 -- walk_002 -- chmosh:mosh_stageii:702 -- 0005/0010 -- Step 2. initial loss values: data = 1.95e+02 | poseB = 2.95e+02 | velo = 8.50e-07
soma_subject1 -- walk_002 -- chmosh:mosh_stageii:707 -- 0005/0010 -- Step 2. final loss values: data = 1.95e+02 | poseB = 2.95e+02 | velo = 8.51e-07
soma_subject1 -- walk_002 -- chmosh:mosh_stageii:663 -- 0006/0010 -- Step 1. initial loss values: data = 1.95e+02 | poseB = 2.95e+02 | velo = 1.46e-05
soma_subject1 -- walk_002 -- chmosh:mosh_stageii:673 -- 0006/0010 -- Step 1. final loss values: data = 1.95e+02 | poseB = 2.95e+02 | velo = 3.82e-06
soma_subject1 -- walk_002 -- chmosh:mosh_stageii:702 -- 0006/0010 -- Step 2. initial loss values: data = 1.95e+02 | poseB = 2.95e+02 | velo = 3.82e-06
soma_subject1 -- walk_002 -- chmosh:mosh_stageii:707 -- 0006/0010 -- Step 2. final loss values: data = 1.95e+02 | poseB = 2.95e+02 | velo = 3.82e-06
soma_subject1 -- walk_002 -- chmosh:mosh_stageii:663 -- 0007/0010 -- Step 1. initial loss values: data = 1.95e+02 | poseB = 2.95e+02 | velo = 1.76e-05
soma_subject1 -- walk_002 -- chmosh:mosh_stageii:673 -- 0007/0010 -- Step 1. final loss values: data = 1.95e+02 | poseB = 2.95e+02 | velo = 1.16e-06
soma_subject1 -- walk_002 -- chmosh:mosh_stageii:702 -- 0007/0010 -- Step 2. initial loss values: data = 1.95e+02 | poseB = 2.95e+02 | velo = 1.16e-06
soma_subject1 -- walk_002 -- chmosh:mosh_stageii:707 -- 0007/0010 -- Step 2. final loss values: data = 1.95e+02 | poseB = 2.95e+02 | velo = 1.16e-06
soma_subject1 -- walk_002 -- chmosh:mosh_stageii:663 -- 0008/0010 -- Step 1. initial loss values: data = 1.95e+02 | poseB = 2.95e+02 | velo = 1.55e-05
soma_subject1 -- walk_002 -- chmosh:mosh_stageii:673 -- 0008/0010 -- Step 1. final loss values: data = 1.95e+02 | poseB = 2.95e+02 | velo = 1.27e-06
soma_subject1 -- walk_002 -- chmosh:mosh_stageii:702 -- 0008/0010 -- Step 2. initial loss values: data = 1.95e+02 | poseB = 2.95e+02 | velo = 1.27e-06
soma_subject1 -- walk_002 -- chmosh:mosh_stageii:707 -- 0008/0010 -- Step 2. final loss values: data = 1.95e+02 | poseB = 2.95e+02 | velo = 1.27e-06
soma_subject1 -- walk_002 -- chmosh:mosh_stageii:663 -- 0009/0010 -- Step 1. initial loss values: data = 1.95e+02 | poseB = 2.95e+02 | velo = 1.05e-05
soma_subject1 -- walk_002 -- chmosh:mosh_stageii:673 -- 0009/0010 -- Step 1. final loss values: data = 1.95e+02 | poseB = 2.95e+02 | velo = 2.15e-06
soma_subject1 -- walk_002 -- chmosh:mosh_stageii:702 -- 0009/0010 -- Step 2. initial loss values: data = 1.95e+02 | poseB = 2.95e+02 | velo = 2.15e-06
soma_subject1 -- walk_002 -- chmosh:mosh_stageii:707 -- 0009/0010 -- Step 2. final loss values: data = 1.95e+02 | poseB = 2.95e+02 | velo = 2.15e-06
soma_subject1 -- walk_002 -- mosh_head:mosh_stageii:297 -- created stageii_fname: /home/ubuntu/Desktop/test/workspace/training_experiments/V48_02_SOMA/OC_05_G_03_real_000_synt_100/evaluations/mosh_results_tracklet/SOMA_unlabeled_mpc/soma_subject1/walk_002_stageii.pkl
soma_subject1 -- walk_002 -- mosh_head:mosh_stageii:298 -- finished mosh stageii in 0:00:08.780849
soma_subject1 -- walk_002 -- mosh_head:run_moshpp_once:606 -- Final mosh stageii loss: data = 3.82e+05 | poseB = 8.71e+05 | velo = 4.94e-11
soma_subject1 -- walk_002 -- run_soma_multiple:run_soma_on_multiple_settings:260 -- Submitting render jobs.
soma_subject1 -- walk_002 -- parallel_tools:run_parallel_jobs:54 -- #Job(s) submitted: 1
soma_subject1 -- walk_002 -- parallel_tools:run_parallel_jobs:58 -- max_num_jobs is set to 1. choosing the first #Job(s): 1
soma_subject1 -- walk_002 -- parallel_tools:run_parallel_jobs:67 -- Will run the jobs in random order.
soma_subject1 -- walk_002 -- parameters_to_mesh:convert_to_mesh_once:61 -- Preparing mesh files for: ['/home/ubuntu/Desktop/test/workspace/training_experiments/V48_02_SOMA/OC_05_G_03_real_000_synt_100/evaluations/mosh_results_tracklet/SOMA_unlabeled_mpc/soma_subject1/walk_002_stageii.pkl']
soma_subject1 -- walk_002 -- parameters_to_mesh:convert_to_mesh_once:62 -- dirs.mesh_out_dir: /home/ubuntu/Desktop/test/workspace/blender_temp/SOMA_unlabeled_mpc/mesh_files/soma_subject1_walk_002
soma_subject1 -- walk_002 -- parameters_to_mesh:convert_to_mesh_once:203 -- Created /home/ubuntu/Desktop/test/workspace/blender_temp/SOMA_unlabeled_mpc/mesh_files/soma_subject1_walk_002
soma_subject1 -- walk_002 -- blender_tools:setup_scene:78 -- Opening scene from provided blend file /home/ubuntu/Desktop/test/workspace/support_files/blender/blend_files/soma_standard.blend
soma_subject1 -- walk_002 -- blender_tools:setup_scene:82 -- Setting up scene: Scene
soma_subject1 -- walk_002 -- mesh_to_video_standard:create_video_from_mesh_dir:147 -- input mesh dir: /home/ubuntu/Desktop/test/workspace/blender_temp/SOMA_unlabeled_mpc/mesh_files/soma_subject1_walk_002
soma_subject1 -- walk_002 -- mesh_to_video_standard:create_video_from_mesh_dir:148 -- png_out_dir: /home/ubuntu/Desktop/test/workspace/blender_temp/SOMA_unlabeled_mpc/png_files/soma_standard/soma_subject1_walk_002
soma_subject1 -- walk_002 -- mesh_to_video_standard:run_blender_once:135 -- created /home/ubuntu/Desktop/test/workspace/blender_temp/SOMA_unlabeled_mpc/png_files/soma_standard/soma_subject1_walk_002/00000.png
